<?xml version="1.0" encoding="UTF-8"?>
<!-- Generated by org.testng.reporters.JUnitXMLReporter -->
<testsuite ignored="0" hostname="DESKTOP-CSE7PO0" failures="0" tests="8" name="Tests" time="87.284" errors="0" timestamp="2022-07-25T21:28:18 EET">
  <testcase classname="tests.LoginTest" name="testLoginWithInValidEmailAndInValidPAssword" time="1.355"/>
  <testcase classname="tests.LoginTest" name="testLoginWithInValidEmailAndValidPAssword" time="1.296"/>
  <testcase classname="tests.LoginTest" name="testLoginWithValidEmailAndInValidPAssword" time="1.636"/>
  <testcase classname="tests.LoginTest" name="testLoginWithValidEmailAndPassword" time="2.83"/>
  <testcase classname="tests.AddEmployeeTest" name="addEmployeePhotographWithPNGImage" time="3.493"/>
  <testcase classname="tests.AddEmployeeTest" name="addEmployeeWithInValidEmptyFields" time="1.863"/>
  <testcase classname="tests.AddEmployeeTest" name="addEmployeeWithValidData" time="5.704"/>
  <testcase classname="tests.AssignLeaveTest" name="assignLeaveWithValidData" time="1.192"/>
</testsuite> <!-- Tests -->
